2025-07-02 23:29:03,983 - INFO - ==================================================
2025-07-02 23:29:03,983 - INFO - Starting  yFinance data fetching
2025-07-02 23:29:03,983 - INFO - ==================================================
2025-07-02 23:29:03,983 - INFO - Starting data fetching process...
2025-07-02 23:29:04,078 - INFO - Database connected successfully
2025-07-02 23:29:04,090 - INFO - Fetching today's data for date: 2025-07-02
2025-07-02 23:29:04,090 - INFO - Processing company_id: 2, ticker: 7203.SR
2025-07-02 23:29:05,546 - INFO - Found 1 records for 7203.SR
2025-07-02 23:29:05,573 - INFO - Successfully inserted 1 records for ticker: 7203.SR
2025-07-02 23:29:05,573 - INFO - Processing company_id: 3, ticker: 2223.SR
2025-07-02 23:29:05,783 - INFO - Found 1 records for 2223.SR
2025-07-02 23:29:05,791 - INFO - Successfully inserted 1 records for ticker: 2223.SR
2025-07-02 23:29:05,791 - INFO - Processing company_id: 4, ticker: 7010.SR
2025-07-02 23:29:06,219 - INFO - Found 1 records for 7010.SR
2025-07-02 23:29:06,239 - INFO - Successfully inserted 1 records for ticker: 7010.SR
2025-07-02 23:29:06,239 - INFO - Processing company_id: 5, ticker: 1180.SR
2025-07-02 23:29:06,642 - INFO - Found 1 records for 1180.SR
2025-07-02 23:29:06,660 - INFO - Successfully inserted 1 records for ticker: 1180.SR
2025-07-02 23:29:06,661 - INFO - Processing company_id: 6, ticker: 2020.SR
2025-07-02 23:29:07,032 - INFO - Found 1 records for 2020.SR
2025-07-02 23:29:07,049 - INFO - Successfully inserted 1 records for ticker: 2020.SR
2025-07-02 23:29:07,049 - INFO - Processing company_id: 7, ticker: 2280.SR
2025-07-02 23:29:07,407 - INFO - Found 1 records for 2280.SR
2025-07-02 23:29:07,428 - INFO - Successfully inserted 1 records for ticker: 2280.SR
2025-07-02 23:29:07,428 - INFO - Processing company_id: 8, ticker: 1120.SR
2025-07-02 23:29:07,780 - INFO - Found 1 records for 1120.SR
2025-07-02 23:29:07,799 - INFO - Successfully inserted 1 records for ticker: 1120.SR
2025-07-02 23:29:07,799 - INFO - Processing company_id: 9, ticker: 1010.SR
2025-07-02 23:29:08,158 - INFO - Found 1 records for 1010.SR
2025-07-02 23:29:08,178 - INFO - Successfully inserted 1 records for ticker: 1010.SR
2025-07-02 23:29:08,178 - INFO - Processing company_id: 10, ticker: 2082.SR
2025-07-02 23:29:08,521 - INFO - Found 1 records for 2082.SR
2025-07-02 23:29:08,538 - INFO - Successfully inserted 1 records for ticker: 2082.SR
2025-07-02 23:29:08,538 - INFO - Processing company_id: 11, ticker: 4280.SR
2025-07-02 23:29:08,954 - INFO - Found 1 records for 4280.SR
2025-07-02 23:29:08,975 - INFO - Successfully inserted 1 records for ticker: 4280.SR
2025-07-02 23:29:08,975 - INFO - Processing company_id: 12, ticker: 1111.SR
2025-07-02 23:29:09,301 - INFO - Found 1 records for 1111.SR
2025-07-02 23:29:09,308 - INFO - Successfully inserted 1 records for ticker: 1111.SR
2025-07-02 23:29:09,308 - INFO - Processing company_id: 13, ticker: 4013.SR
2025-07-02 23:29:09,636 - INFO - Found 1 records for 4013.SR
2025-07-02 23:29:09,650 - INFO - Successfully inserted 1 records for ticker: 4013.SR
2025-07-02 23:29:09,650 - INFO - Processing company_id: 14, ticker: 1211.SR
2025-07-02 23:29:09,954 - INFO - Found 1 records for 1211.SR
2025-07-02 23:29:09,965 - INFO - Successfully inserted 1 records for ticker: 1211.SR
2025-07-02 23:29:09,965 - INFO - Processing company_id: 15, ticker: 8210.SR
2025-07-02 23:29:10,314 - INFO - Found 1 records for 8210.SR
2025-07-02 23:29:10,330 - INFO - Successfully inserted 1 records for ticker: 8210.SR
2025-07-02 23:29:10,331 - INFO - Processing company_id: 16, ticker: 8010.SR
2025-07-02 23:29:10,660 - INFO - Found 1 records for 8010.SR
2025-07-02 23:29:10,678 - INFO - Successfully inserted 1 records for ticker: 8010.SR
2025-07-02 23:29:10,678 - INFO - Database connections closed
2025-07-02 23:29:10,678 - INFO - Process completed - Successfully processed: 15, Failed: 0
2025-07-02 23:29:10,678 - INFO - ==================================================
2025-07-02 23:29:10,678 - INFO - Process finished
2025-07-02 23:29:10,678 - INFO - ==================================================
